<?xml version="1.0" encoding="UTF-8"?>
<testsuite name="TestSuite" time="33.495" tests="2" errors="0" skipped="0" failures="0">
  <properties>
    <property name="JOB_NAME" value="inetBankingappv1_Mvn Project"/>
    <property name="java.vendor" value="Oracle Corporation"/>
    <property name="sun.java.launcher" value="SUN_STANDARD"/>
    <property name="RUN_TESTS_DISPLAY_URL" value="http://localhost:8080/job/inetBankingappv1_Mvn%20Project/3/display/redirect?page=tests"/>
    <property name="NUMBER_OF_PROCESSORS" value="4"/>
    <property name="sun.management.compiler" value="HotSpot 64-Bit Tiered Compilers"/>
    <property name="JENKINS_HOME" value="C:\Users\INLTTCHFL00199\.jenkins"/>
    <property name="HUDSON_SERVER_COOKIE" value="4d97cf235bd65468"/>
    <property name="POM_ARTIFACTID" value="inetbankingappV1"/>
    <property name="os.name" value="Windows 10"/>
    <property name="EXECUTOR_NUMBER" value="0"/>
    <property name="PATHEXT" value=".COM;.EXE;.BAT;.CMD;.VBS;.VBE;.JS;.JSE;.WSF;.WSH;.MSC"/>
    <property name="POM_DISPLAYNAME" value="inetbankingappV1"/>
    <property name="java.vm.specification.vendor" value="Oracle Corporation"/>
    <property name="TEMP" value="C:\Users\INLTTC~1\AppData\Local\Temp"/>
    <property name="NODE_LABELS" value="master"/>
    <property name="java.runtime.version" value="13.0.2+8"/>
    <property name="user.name" value="INLTTCHFL00199"/>
    <property name="guice.disable.misplaced.annotation.check" value="true"/>
    <property name="CommonProgramW6432" value="C:\Program Files\Common Files"/>
    <property name="ProgramFiles" value="C:\Program Files"/>
    <property name="PROMPT" value="$P$G"/>
    <property name="user.language" value="en"/>
    <property name="JOB_BASE_NAME" value="inetBankingappv1_Mvn Project"/>
    <property name="RUN_CHANGES_DISPLAY_URL" value="http://localhost:8080/job/inetBankingappv1_Mvn%20Project/3/display/redirect?page=changes"/>
    <property name="BUILD_DISPLAY_NAME" value="#3"/>
    <property name="OneDrive" value="C:\Users\INLTTCHFL00199\OneDrive"/>
    <property name="sun.boot.library.path" value="C:\Program Files\Java\jdk-13.0.2\bin"/>
    <property name="java.vm.compressedOopsMode" value="32-bit"/>
    <property name="LOCALAPPDATA" value="C:\Users\INLTTCHFL00199\AppData\Local"/>
    <property name="java.version" value="13.0.2"/>
    <property name="user.timezone" value="Asia/Calcutta"/>
    <property name="PROCESSOR_LEVEL" value="6"/>
    <property name="USERNAME" value="INLTTCHFL00199"/>
    <property name="sun.arch.data.model" value="64"/>
    <property name="NODE_NAME" value="master"/>
    <property name="OneDriveConsumer" value="C:\Users\INLTTCHFL00199\OneDrive"/>
    <property name="BUILD_ID" value="3"/>
    <property name="sun.cpu.isalist" value="amd64"/>
    <property name="sun.jnu.encoding" value="Cp1252"/>
    <property name="maven.conf" value="C:\apache-maven-3.6.3\conf"/>
    <property name="HOMEDRIVE" value="C:"/>
    <property name="file.separator" value="\"/>
    <property name="java.specification.name" value="Java Platform API Specification"/>
    <property name="java.class.version" value="57.0"/>
    <property name="SCITE_USERHOME" value="C:\Users\INLTTCHFL00199\AppData\Local\AutoIt v3\SciTE"/>
    <property name="org.slf4j.simpleLogger.defaultLogLevel" value="info"/>
    <property name="user.country" value="IN"/>
    <property name="ALLUSERSPROFILE" value="C:\ProgramData"/>
    <property name="java.home" value="C:\Program Files\Java\jdk-13.0.2"/>
    <property name="java.vm.info" value="mixed mode, sharing"/>
    <property name="os.version" value="10.0"/>
    <property name="RUN_DISPLAY_URL" value="http://localhost:8080/job/inetBankingappv1_Mvn%20Project/3/display/redirect"/>
    <property name="POM_VERSION" value="0.0.1-SNAPSHOT"/>
    <property name="TMP" value="C:\Users\INLTTC~1\AppData\Local\Temp"/>
    <property name="path.separator" value=";"/>
    <property name="RUN_ARTIFACTS_DISPLAY_URL" value="http://localhost:8080/job/inetBankingappv1_Mvn%20Project/3/display/redirect?page=artifacts"/>
    <property name="java.vm.version" value="13.0.2+8"/>
    <property name="user.variant" value=""/>
    <property name="CommonProgramFiles(x86)" value="C:\Program Files (x86)\Common Files"/>
    <property name="JOB_DISPLAY_URL" value="http://localhost:8080/job/inetBankingappv1_Mvn%20Project/display/redirect"/>
    <property name="USERDOMAIN_ROAMINGPROFILE" value="DESKTOP-829SJ9A"/>
    <property name="GRADLE_HOME" value="D:\TestProject Tool Tutorials\gradle-6.6.1"/>
    <property name="CommonProgramFiles" value="C:\Program Files\Common Files"/>
    <property name="sun.io.unicode.encoding" value="UnicodeLittle"/>
    <property name="JAVA_HOME" value="C:\Program Files\Java\jdk-13.0.2"/>
    <property name="ComSpec" value="C:\WINDOWS\system32\cmd.exe"/>
    <property name="HOMEPATH" value="\Users\INLTTCHFL00199"/>
    <property name="POM_PACKAGING" value="jar"/>
    <property name="COMPUTERNAME" value="DESKTOP-829SJ9A"/>
    <property name="user.script" value=""/>
    <property name="asl.log" value="Destination=file"/>
    <property name="POM_GROUPID" value="inetbankingappV1"/>
    <property name="user.home" value="C:\Users\INLTTCHFL00199"/>
    <property name="PUBLIC" value="C:\Users\Public"/>
    <property name="BUILD_TAG" value="jenkins-inetBankingappv1_Mvn Project-3"/>
    <property name="JENKINS_SERVER_COOKIE" value="4d97cf235bd65468"/>
    <property name="HUDSON_URL" value="http://localhost:8080/"/>
    <property name="ProgramData" value="C:\ProgramData"/>
    <property name="java.version.date" value="2020-01-14"/>
    <property name="java.specification.vendor" value="Oracle Corporation"/>
    <property name="USERPROFILE" value="C:\Users\INLTTCHFL00199"/>
    <property name="CLASSPATH" value=""/>
    <property name="java.library.path" value="C:\Program Files\Java\jdk-13.0.2\bin;C:\WINDOWS\Sun\Java\bin;C:\WINDOWS\system32;C:\WINDOWS;C:\apache-maven-3.6.3/bin;C:\Program Files\Java\jdk-13.0.2/bin;C:\Program Files\Java\jdk-13.0.2/bin;C:\Program Files (x86)\Common Files\Oracle\Java\javapath;E:\SunTechno\tess4jjarfiles\Tess4J\lib\win32-x86-64\libtesseract3051.dll;C:\Program Files\nodejs\;C:\Users\INLTTCHFL00199\AppData\Roaming\npm;C:\Program Files\Git\cmd;C:\Users\INLTTCHFL00199\AppData\Local\Android\Sdk\platform-tools;C:\Users\INLTTCHFL00199\AppData\Local\Android\Sdk\tools;C:\Users\INLTTCHFL00199\AppData\Local\Android\Sdk\tools\bin;C:\Program Files\Java\jdk-13.0.2\bin;C:\Windows\System32\cmd.exe;C:\Program Files\Java\jdk-13.0.2\lib;E:\SunTechno\apache-maven-3.6.3\bin;C:\Program Files\Java\jre1.8.0_281\bin;C:\Users\INLTTCHFL00199\AppData\Local\Microsoft\WindowsApps;C:\Users\INLTTCHFL00199\AppData\Roaming\npm;C:\Users\INLTTCHFL00199\AppData\Local\Programs\Microsoft VS Code\bin;D:\TestProject Tool Tutorials\gradle-6.6.1\bin;D:\TestProject Tool Tutorials\sample01-Mercury_Page_Login-2020_10_09_07_54\bin\main\io\testproject\generated\tests\sample01;D:\TestProject Tool Tutorials\IRCTC-outlookmail-2020\bin;;."/>
    <property name="java.vendor.url" value="https://java.oracle.com/"/>
    <property name="java.vm.vendor" value="Oracle Corporation"/>
    <property name="APPDATA" value="C:\Users\INLTTCHFL00199\AppData\Roaming"/>
    <property name="java.runtime.name" value="Java(TM) SE Runtime Environment"/>
    <property name="maven.home" value="C:\apache-maven-3.6.3"/>
    <property name="java.class.path" value="C:\Users\INLTTCHFL00199\.jenkins\plugins\maven-plugin\WEB-INF\lib\maven35-agent-1.13.jar;C:\apache-maven-3.6.3\boot\plexus-classworlds-2.6.0.jar;C:\apache-maven-3.6.3/conf/logging"/>
    <property name="sun.java.command" value="jenkins.maven3.agent.Maven35Main C:\apache-maven-3.6.3 C:\Users\INLTTCHFL00199\.jenkins\war\WEB-INF\lib\remoting-4.5.jar C:\Users\INLTTCHFL00199\.jenkins\plugins\maven-plugin\WEB-INF\lib\maven35-interceptor-1.13.jar C:\Users\INLTTCHFL00199\.jenkins\plugins\maven-plugin\WEB-INF\lib\maven3-interceptor-commons-1.13.jar 52586"/>
    <property name="Path" value="C:\Program Files\Java\jdk-13.0.2/bin;C:\Program Files (x86)\Common Files\Oracle\Java\javapath;E:\SunTechno\tess4jjarfiles\Tess4J\lib\win32-x86-64\libtesseract3051.dll;C:\Program Files\nodejs\;C:\Users\INLTTCHFL00199\AppData\Roaming\npm;C:\Program Files\Git\cmd;C:\Users\INLTTCHFL00199\AppData\Local\Android\Sdk\platform-tools;C:\Users\INLTTCHFL00199\AppData\Local\Android\Sdk\tools;C:\Users\INLTTCHFL00199\AppData\Local\Android\Sdk\tools\bin;C:\Program Files\Java\jdk-13.0.2\bin;C:\Windows\System32\cmd.exe;C:\Program Files\Java\jdk-13.0.2\lib;E:\SunTechno\apache-maven-3.6.3\bin;C:\Program Files\Java\jre1.8.0_281\bin;C:\Users\INLTTCHFL00199\AppData\Local\Microsoft\WindowsApps;C:\Users\INLTTCHFL00199\AppData\Roaming\npm;C:\Users\INLTTCHFL00199\AppData\Local\Programs\Microsoft VS Code\bin;D:\TestProject Tool Tutorials\gradle-6.6.1\bin;D:\TestProject Tool Tutorials\sample01-Mercury_Page_Login-2020_10_09_07_54\bin\main\io\testproject\generated\tests\sample01;D:\TestProject Tool Tutorials\IRCTC-outlookmail-2020\bin;"/>
    <property name="jdk.debug" value="release"/>
    <property name="PROCESSOR_ARCHITECTURE" value="AMD64"/>
    <property name="java.vm.specification.name" value="Java Virtual Machine Specification"/>
    <property name="PATH+JDK" value="C:\Program Files\Java\jdk-13.0.2/bin"/>
    <property name="SESSIONNAME" value="Console"/>
    <property name="PROCESSOR_IDENTIFIER" value="Intel64 Family 6 Model 61 Stepping 4, GenuineIntel"/>
    <property name="java.vm.specification.version" value="13"/>
    <property name="M2_HOME" value="C:\apache-maven-3.6.3"/>
    <property name="sun.cpu.endian" value="little"/>
    <property name="sun.os.patch.level" value=""/>
    <property name="OS" value="Windows_NT"/>
    <property name="java.io.tmpdir" value="C:\Users\INLTTC~1\AppData\Local\Temp\"/>
    <property name="HUDSON_HOME" value="C:\Users\INLTTCHFL00199\.jenkins"/>
    <property name="PATH+MAVEN" value="C:\apache-maven-3.6.3/bin"/>
    <property name="ProgramFiles(x86)" value="C:\Program Files (x86)"/>
    <property name="java.vendor.url.bug" value="https://bugreport.java.com/bugreport/"/>
    <property name="BUILD_URL" value="http://localhost:8080/job/inetBankingappv1_Mvn%20Project/3/"/>
    <property name="SystemRoot" value="C:\WINDOWS"/>
    <property name="os.arch" value="amd64"/>
    <property name="user.dir" value="D:\harsha\inetbankingappV1"/>
    <property name="JOB_URL" value="http://localhost:8080/job/inetBankingappv1_Mvn%20Project/"/>
    <property name="LOGONSERVER" value="\\DESKTOP-829SJ9A"/>
    <property name="USERDOMAIN" value="DESKTOP-829SJ9A"/>
    <property name="MAVEN_HOME" value="C:\apache-maven-3.6.3"/>
    <property name="line.separator" value="&#10;"/>
    <property name="java.vm.name" value="Java HotSpot(TM) 64-Bit Server VM"/>
    <property name="BUILD_NUMBER" value="3"/>
    <property name="PROCESSOR_REVISION" value="3d04"/>
    <property name="JENKINS_URL" value="http://localhost:8080/"/>
    <property name="ProgramW6432" value="C:\Program Files"/>
    <property name="windir" value="C:\WINDOWS"/>
    <property name="=C:" value="C:\Windows\System32"/>
    <property name="file.encoding" value="Cp1252"/>
    <property name="SystemDrive" value="C:"/>
    <property name="maven3.interceptor" value="C:\Users\INLTTCHFL00199\.jenkins\plugins\maven-plugin\WEB-INF\lib\maven35-interceptor-1.13.jar"/>
    <property name="WORKSPACE_TMP" value="C:\Users\INLTTCHFL00199\.jenkins\workspace\inetBankingappv1_Mvn Project@tmp"/>
    <property name="WORKSPACE" value="C:\Users\INLTTCHFL00199\.jenkins\workspace\inetBankingappv1_Mvn Project"/>
    <property name="maven3.interceptor.common" value="C:\Users\INLTTCHFL00199\.jenkins\plugins\maven-plugin\WEB-INF\lib\maven3-interceptor-commons-1.13.jar"/>
    <property name="PSModulePath" value="C:\Program Files (x86)\WindowsPowerShell\Modules;C:\WINDOWS\system32\WindowsPowerShell\v1.0\Modules;C:\Program Files (x86)\AutoIt3\AutoItX"/>
    <property name="java.specification.version" value="13"/>
    <property name="DriverData" value="C:\Windows\System32\Drivers\DriverData"/>
  </properties>
  <testcase name="loginTest" classname="com.inetbankingappV1.TestCases.TC_loginTest_001" time="11.748"/>
  <testcase name="addNewCustomer" classname="com.inetbankingappV1.TestCases.TC_AddCustomerTest_003" time="21.747"/>
</testsuite>