<?xml version="1.0" encoding="UTF-8"?>
<!-- Generated by org.testng.reporters.JUnitReportReporter -->
<testsuite hostname="DESKTOP-829SJ9A" failures="0" tests="1" name="com.inetbankingappV1.TestCases.TC_loginTest_001" time="14.340" errors="0" timestamp="2021-02-01T11:57:37 IST" skipped="0">
  <testcase classname="com.inetbankingappV1.TestCases.TC_loginTest_001" name="loginTest" time="14.340"/>
  <system-out/>
</testsuite> <!-- com.inetbankingappV1.TestCases.TC_loginTest_001 -->
