<?xml version="1.0" encoding="UTF-8"?>
<!-- Generated by org.testng.reporters.JUnitReportReporter -->
<testsuite hostname="DESKTOP-829SJ9A" failures="0" tests="1" name="com.inetbankingappV1.TestCases.TC_AddCustomerTest_003" time="21.747" errors="0" timestamp="2021-02-04T12:17:40 IST" skipped="0">
  <testcase classname="com.inetbankingappV1.TestCases.TC_AddCustomerTest_003" name="addNewCustomer" time="21.747"/>
  <system-out/>
</testsuite> <!-- com.inetbankingappV1.TestCases.TC_AddCustomerTest_003 -->
